[    28.640] (Warning:) Failed to open protocol names file /usr/lib64/xorg/protocol.txt
	(Warning:) warning, (EE) error, (NI) not implemented, (??) unknown.
[    29.649] (Warning:) Falling back to old probe method for modesetting
[    29.649] (Warning:) Falling back to old probe method for fbdev
[    29.706] (Warning:) vmware(0): Failed to initialize Gallium3D Xa. No render acceleration available.
[    29.706] (Warning:) vmware(0): Skipped initialization of direct rendering due to lack of render acceleration.
[    29.709] (Warning:) vmware(0): Disabling Xv because no adaptors could be initialized.
	(++) from command line, (!!) notice, (Information:) informational,
[    28.654] (Information:) The server relies on udev to provide the list of input devices.
[    28.654] (Information:) Loader magic: 0x55fde7187020
[    28.654] (Information:) Module ABI versions:
[    28.654] (Information:) systemd-logind: logind integration requires -keeptty and -keeptty was not provided, disabling logind integration
[    28.654] (Information:) xfree86: Adding drm device (/dev/dri/card0)
[    28.654] (Information:) Platform probe for /sys/devices/pci0000:00/0000:00:02.0/drm/card0
[    28.658] (Information:) LoadModule: "glx"
[    28.659] (Information:) Loading /usr/lib64/xorg/modules/extensions/libglx.so
[    28.701] (Information:) Module glx: vendor="X.Org Foundation"
[    28.701] (Information:) LoadModule: "vmware"
[    28.701] (Information:) Loading /usr/lib64/xorg/modules/drivers/vmware_drv.so
[    29.638] (Information:) Module vmware: vendor="X.Org Foundation"
[    29.638] (Information:) LoadModule: "modesetting"
[    29.638] (Information:) Loading /usr/lib64/xorg/modules/drivers/modesetting_drv.so
[    29.642] (Information:) Module modesetting: vendor="X.Org Foundation"
[    29.642] (Information:) LoadModule: "fbdev"
[    29.642] (Information:) Loading /usr/lib64/xorg/modules/drivers/fbdev_drv.so
[    29.649] (Information:) Module fbdev: vendor="X.Org Foundation"
[    29.649] (Information:) LoadModule: "vesa"
[    29.649] (Information:) Loading /usr/lib64/xorg/modules/drivers/vesa_drv.so
[    29.649] (Information:) Module vesa: vendor="X.Org Foundation"
[    29.649] (Information:) vmware: driver for VMware SVGA: vmware0405, vmware0710
[    29.649] (Information:) modesetting: Driver for Modesetting Kernel Drivers: kms
[    29.649] (Information:) FBDEV: driver for framebuffer: fbdev
[    29.649] (Information:) VESA: driver for VESA chipsets: vesa
[    29.649] (Information:) Loading sub module "fbdevhw"
[    29.649] (Information:) LoadModule: "fbdevhw"
[    29.649] (Information:) Loading /usr/lib64/xorg/modules/libfbdevhw.so
[    29.661] (Information:) Module fbdevhw: vendor="X.Org Foundation"
[    29.661] (Information:) vmware(0): Creating default Display subsection in Screen section
[    29.665] (Information:) vmware(0): Output Virtual1 has no monitor section
[    29.665] (Information:) vmware(0): Output Virtual2 has no monitor section
[    29.665] (Information:) vmware(0): Output Virtual3 has no monitor section
[    29.666] (Information:) vmware(0): Output Virtual4 has no monitor section
[    29.666] (Information:) vmware(0): Output Virtual5 has no monitor section
[    29.666] (Information:) vmware(0): Output Virtual6 has no monitor section
[    29.666] (Information:) vmware(0): Output Virtual7 has no monitor section
[    29.666] (Information:) vmware(0): Output Virtual8 has no monitor section
[    29.666] (Information:) vmware(0): Printing probed modes for output Virtual1
[    29.666] (Information:) vmware(0): Modeline "800x600"x60.0   42.75  800 850 900 950  600 650 700 750 -hsync +vsync (45.0 kHz eP)
[    29.666] (Information:) vmware(0): Modeline "2560x1600"x60.0  348.50  2560 2752 3032 3504  1600 1603 1609 1658 -hsync +vsync (99.5 kHz e)
[    29.666] (Information:) vmware(0): Modeline "1920x1440"x60.0  234.00  1920 2048 2256 2600  1440 1441 1444 1500 -hsync +vsync (90.0 kHz e)
[    29.666] (Information:) vmware(0): Modeline "1856x1392"x60.0  218.25  1856 1952 2176 2528  1392 1393 1396 1439 -hsync +vsync (86.3 kHz e)
[    29.666] (Information:) vmware(0): Modeline "1792x1344"x60.0  204.75  1792 1920 2120 2448  1344 1345 1348 1394 -hsync +vsync (83.6 kHz e)
[    29.666] (Information:) vmware(0): Modeline "1920x1200"x59.9  193.25  1920 2056 2256 2592  1200 1203 1209 1245 -hsync +vsync (74.6 kHz e)
[    29.666] (Information:) vmware(0): Modeline "1600x1200"x60.0  162.00  1600 1664 1856 2160  1200 1201 1204 1250 +hsync +vsync (75.0 kHz e)
[    29.666] (Information:) vmware(0): Modeline "1680x1050"x60.0  146.25  1680 1784 1960 2240  1050 1053 1059 1089 -hsync +vsync (65.3 kHz e)
[    29.666] (Information:) vmware(0): Modeline "1400x1050"x60.0  121.75  1400 1488 1632 1864  1050 1053 1057 1089 -hsync +vsync (65.3 kHz e)
[    29.666] (Information:) vmware(0): Modeline "1280x1024"x60.0  108.00  1280 1328 1440 1688  1024 1025 1028 1066 +hsync +vsync (64.0 kHz e)
[    29.666] (Information:) vmware(0): Modeline "1440x900"x59.9  106.50  1440 1520 1672 1904  900 903 909 934 -hsync +vsync (55.9 kHz e)
[    29.666] (Information:) vmware(0): Modeline "1280x960"x60.0  108.00  1280 1376 1488 1800  960 961 964 1000 +hsync +vsync (60.0 kHz e)
[    29.666] (Information:) vmware(0): Modeline "1360x768"x60.0   85.50  1360 1424 1536 1792  768 771 777 795 +hsync +vsync (47.7 kHz e)
[    29.666] (Information:) vmware(0): Modeline "1280x800"x59.8   83.50  1280 1352 1480 1680  800 803 809 831 +hsync -vsync (49.7 kHz e)
[    29.666] (Information:) vmware(0): Modeline "1152x864"x75.0  108.00  1152 1216 1344 1600  864 865 868 900 +hsync +vsync (67.5 kHz e)
[    29.666] (Information:) vmware(0): Modeline "1280x768"x59.9   79.50  1280 1344 1472 1664  768 771 778 798 -hsync +vsync (47.8 kHz e)
[    29.666] (Information:) vmware(0): Modeline "1024x768"x60.0   65.00  1024 1048 1184 1344  768 771 777 806 -hsync -vsync (48.4 kHz e)
[    29.666] (Information:) vmware(0): Modeline "800x600"x60.3   40.00  800 840 968 1056  600 601 605 628 +hsync +vsync (37.9 kHz e)
[    29.666] (Information:) vmware(0): Modeline "640x480"x59.9   25.18  640 656 752 800  480 489 492 525 -hsync -vsync (31.5 kHz e)
[    29.666] (Information:) vmware(0): EDID for output Virtual2
[    29.666] (Information:) vmware(0): EDID for output Virtual3
[    29.666] (Information:) vmware(0): EDID for output Virtual4
[    29.666] (Information:) vmware(0): EDID for output Virtual5
[    29.666] (Information:) vmware(0): EDID for output Virtual6
[    29.666] (Information:) vmware(0): EDID for output Virtual7
[    29.666] (Information:) vmware(0): EDID for output Virtual8
[    29.666] (Information:) vmware(0): Output Virtual1 connected
[    29.666] (Information:) vmware(0): Output Virtual2 disconnected
[    29.666] (Information:) vmware(0): Output Virtual3 disconnected
[    29.666] (Information:) vmware(0): Output Virtual4 disconnected
[    29.666] (Information:) vmware(0): Output Virtual5 disconnected
[    29.666] (Information:) vmware(0): Output Virtual6 disconnected
[    29.666] (Information:) vmware(0): Output Virtual7 disconnected
[    29.666] (Information:) vmware(0): Output Virtual8 disconnected
[    29.666] (Information:) vmware(0): Using exact sizes for initial modes
[    29.666] (Information:) vmware(0): Output Virtual1 using initial mode 800x600 +0+0
[    29.666] (Information:) Loading sub module "fb"
[    29.666] (Information:) LoadModule: "fb"
[    29.666] (Information:) Loading /usr/lib64/xorg/modules/libfb.so
[    29.666] (Information:) Module fb: vendor="X.Org Foundation"
[    29.666] (Information:) Loading sub module "dri2"
[    29.666] (Information:) LoadModule: "dri2"
[    29.666] (Information:) Module "dri2" already built-in
[    29.666] (Information:) UnloadModule: "modesetting"
[    29.666] (Information:) Unloading modesetting
[    29.666] (Information:) UnloadModule: "fbdev"
[    29.666] (Information:) Unloading fbdev
[    29.666] (Information:) UnloadSubModule: "fbdevhw"
[    29.666] (Information:) Unloading fbdevhw
[    29.666] (Information:) UnloadModule: "vesa"
[    29.666] (Information:) Unloading vesa
[    29.671] (Information:) vmware(0): Initialized VMWARE_CTRL extension version 0.2
[    29.709] (Information:) vmware(0): No 3D acceleration. Not setting up textured video.
[    29.709] (Information:) Initializing extension Generic Event Extension
[    29.709] (Information:) Initializing extension SHAPE
[    29.709] (Information:) Initializing extension MIT-SHM
[    29.709] (Information:) Initializing extension XInputExtension
[    29.709] (Information:) Initializing extension XTEST
[    29.709] (Information:) Initializing extension BIG-REQUESTS
[    29.709] (Information:) Initializing extension SYNC
[    29.709] (Information:) Initializing extension XKEYBOARD
[    29.709] (Information:) Initializing extension XC-MISC
[    29.709] (Information:) Initializing extension XFIXES
[    29.709] (Information:) Initializing extension RENDER
[    29.709] (Information:) Initializing extension RANDR
[    29.709] (Information:) Initializing extension COMPOSITE
[    29.709] (Information:) Initializing extension DAMAGE
[    29.709] (Information:) Initializing extension MIT-SCREEN-SAVER
[    29.709] (Information:) Initializing extension DOUBLE-BUFFER
[    29.709] (Information:) Initializing extension RECORD
[    29.709] (Information:) Initializing extension DPMS
[    29.709] (Information:) Initializing extension Present
[    29.709] (Information:) Initializing extension DRI3
[    29.709] (Information:) Initializing extension X-Resource
[    29.709] (Information:) Initializing extension XVideo
[    29.709] (Information:) Initializing extension XVideo-MotionCompensation
[    29.709] (Information:) Initializing extension SELinux
[    29.709] (Information:) SELinux: Disabled by boolean
[    29.709] (Information:) Initializing extension GLX
[    29.709] (Information:) AIGLX: Screen 0 is not DRI2 capable
[    29.956] (Information:) IGLX: Loaded and initialized swrast
[    29.956] (Information:) GLX: Initialized DRISWRAST GL provider for screen 0
[    29.956] (Information:) Initializing extension XFree86-VidModeExtension
[    29.956] (Information:) Initializing extension XFree86-DGA
[    29.956] (Information:) Initializing extension XFree86-DRI
[    29.956] (Information:) Initializing extension DRI2
[    29.956] (Information:) vmware(0): Setting screen physical size to 211 x 158
[    30.070] (Information:) config/udev: Adding input device Power Button (/dev/input/event0)
[    30.070] (Information:) LoadModule: "libinput"
[    30.070] (Information:) Loading /usr/lib64/xorg/modules/input/libinput_drv.so
[    30.094] (Information:) Module libinput: vendor="X.Org Foundation"
[    30.094] (Information:) Using input driver 'libinput' for 'Power Button'
[    30.121] (Information:) event0  - Power Button: is tagged by udev as: Keyboard
[    30.121] (Information:) event0  - Power Button: device is a keyboard
[    30.121] (Information:) event0  - Power Button: device removed
[    30.121] (Information:) XINPUT: Adding extended input device "Power Button" (type: KEYBOARD, id 6)
[    30.121] (Information:) event0  - Power Button: is tagged by udev as: Keyboard
[    30.121] (Information:) event0  - Power Button: device is a keyboard
[    30.121] (Information:) config/udev: Adding input device Sleep Button (/dev/input/event1)
[    30.121] (Information:) Using input driver 'libinput' for 'Sleep Button'
[    30.121] (Information:) event1  - Sleep Button: is tagged by udev as: Keyboard
[    30.121] (Information:) event1  - Sleep Button: device is a keyboard
[    30.121] (Information:) event1  - Sleep Button: device removed
[    30.121] (Information:) XINPUT: Adding extended input device "Sleep Button" (type: KEYBOARD, id 7)
[    30.121] (Information:) event1  - Sleep Button: is tagged by udev as: Keyboard
[    30.121] (Information:) event1  - Sleep Button: device is a keyboard
[    30.121] (Information:) config/udev: Adding input device Video Bus (/dev/input/event5)
[    30.121] (Information:) Using input driver 'libinput' for 'Video Bus'
[    30.121] (Information:) event5  - Video Bus: is tagged by udev as: Keyboard
[    30.121] (Information:) event5  - Video Bus: device is a keyboard
[    30.121] (Information:) event5  - Video Bus: device removed
[    30.121] (Information:) XINPUT: Adding extended input device "Video Bus" (type: KEYBOARD, id 8)
[    30.121] (Information:) event5  - Video Bus: is tagged by udev as: Keyboard
[    30.121] (Information:) event5  - Video Bus: device is a keyboard
[    30.121] (Information:) config/udev: Adding input device VirtualBox USB Tablet (/dev/input/event4)
[    30.121] (Information:) Using input driver 'libinput' for 'VirtualBox USB Tablet'
[    30.172] (Information:) event4  - VirtualBox USB Tablet: is tagged by udev as: Mouse
[    30.172] (Information:) event4  - VirtualBox USB Tablet: device is a pointer
[    30.174] (Information:) event4  - VirtualBox USB Tablet: device removed
[    30.174] (Information:) XINPUT: Adding extended input device "VirtualBox USB Tablet" (type: MOUSE, id 9)
[    30.230] (Information:) event4  - VirtualBox USB Tablet: is tagged by udev as: Mouse
[    30.230] (Information:) event4  - VirtualBox USB Tablet: device is a pointer
[    30.230] (Information:) config/udev: Adding input device VirtualBox USB Tablet (/dev/input/js0)
[    30.230] (Information:) No input driver specified, ignoring this device.
[    30.230] (Information:) This device may have been added with another device file.
[    30.230] (Information:) config/udev: Adding input device VirtualBox USB Tablet (/dev/input/mouse1)
[    30.230] (Information:) No input driver specified, ignoring this device.
[    30.230] (Information:) This device may have been added with another device file.
[    30.230] (Information:) config/udev: Adding input device AT Translated Set 2 keyboard (/dev/input/event2)
[    30.230] (Information:) Using input driver 'libinput' for 'AT Translated Set 2 keyboard'
[    30.230] (Information:) event2  - AT Translated Set 2 keyboard: is tagged by udev as: Keyboard
[    30.230] (Information:) event2  - AT Translated Set 2 keyboard: device is a keyboard
[    30.230] (Information:) event2  - AT Translated Set 2 keyboard: device removed
[    30.230] (Information:) XINPUT: Adding extended input device "AT Translated Set 2 keyboard" (type: KEYBOARD, id 10)
[    30.233] (Information:) event2  - AT Translated Set 2 keyboard: is tagged by udev as: Keyboard
[    30.233] (Information:) event2  - AT Translated Set 2 keyboard: device is a keyboard
[    30.233] (Information:) config/udev: Adding input device ImExPS/2 Generic Explorer Mouse (/dev/input/event3)
[    30.233] (Information:) Using input driver 'libinput' for 'ImExPS/2 Generic Explorer Mouse'
[    30.233] (Information:) event3  - ImExPS/2 Generic Explorer Mouse: is tagged by udev as: Mouse
[    30.233] (Information:) event3  - ImExPS/2 Generic Explorer Mouse: device is a pointer
[    30.233] (Information:) event3  - ImExPS/2 Generic Explorer Mouse: device removed
[    30.233] (Information:) XINPUT: Adding extended input device "ImExPS/2 Generic Explorer Mouse" (type: MOUSE, id 11)
[    30.236] (Information:) event3  - ImExPS/2 Generic Explorer Mouse: is tagged by udev as: Mouse
[    30.236] (Information:) event3  - ImExPS/2 Generic Explorer Mouse: device is a pointer
[    30.236] (Information:) config/udev: Adding input device ImExPS/2 Generic Explorer Mouse (/dev/input/mouse0)
[    30.236] (Information:) No input driver specified, ignoring this device.
[    30.236] (Information:) This device may have been added with another device file.
[    30.238] (Information:) config/udev: Adding input device PC Speaker (/dev/input/event6)
[    30.238] (Information:) No input driver specified, ignoring this device.
[    30.238] (Information:) This device may have been added with another device file.
[    40.177] (Information:) config/udev: removing device VirtualBox USB Tablet
[    40.179] (Information:) event4  - VirtualBox USB Tablet: device removed
[    40.185] (Information:) UnloadModule: "libinput"
[    41.041] (Information:) config/udev: Adding input device VirtualBox USB Tablet (/dev/input/mouse1)
[    41.041] (Information:) No input driver specified, ignoring this device.
[    41.041] (Information:) This device may have been added with another device file.
[    41.064] (Information:) config/udev: Adding input device VirtualBox USB Tablet (/dev/input/js0)
[    41.064] (Information:) No input driver specified, ignoring this device.
[    41.064] (Information:) This device may have been added with another device file.
[    41.187] (Information:) config/udev: Adding input device VirtualBox USB Tablet (/dev/input/event4)
[    41.187] (Information:) Using input driver 'libinput' for 'VirtualBox USB Tablet'
[    41.258] (Information:) event4  - VirtualBox USB Tablet: is tagged by udev as: Mouse
[    41.258] (Information:) event4  - VirtualBox USB Tablet: device is a pointer
[    41.258] (Information:) event4  - VirtualBox USB Tablet: device removed
[    41.275] (Information:) XINPUT: Adding extended input device "VirtualBox USB Tablet" (type: MOUSE, id 9)
[    41.329] (Information:) event4  - VirtualBox USB Tablet: is tagged by udev as: Mouse
[    41.329] (Information:) event4  - VirtualBox USB Tablet: device is a pointer
